0 info it worked if it ends with ok
1 verbose cli [ '/usr/local/bin/node',
1 verbose cli   '/usr/local/bin/npm',
1 verbose cli   'run',
1 verbose cli   'develop-client' ]
2 info using npm@4.0.5
3 info using node@v7.4.0
4 verbose run-script [ 'predevelop-client', 'develop-client', 'postdevelop-client' ]
5 info lifecycle feathers-schema@0.1.0~predevelop-client: feathers-schema@0.1.0
6 silly lifecycle feathers-schema@0.1.0~predevelop-client: no script for predevelop-client, continuing
7 info lifecycle feathers-schema@0.1.0~develop-client: feathers-schema@0.1.0
8 verbose lifecycle feathers-schema@0.1.0~develop-client: unsafe-perm in lifecycle true
9 verbose lifecycle feathers-schema@0.1.0~develop-client: PATH: /usr/local/lib/node_modules/npm/bin/node-gyp-bin:/Volumes/GM Production 02 External/Projects/Git/feathers-schema/node_modules/.bin:/Users/global/.cargo/bin:/usr/local/bin:/usr/bin:/bin:/usr/sbin:/sbin
10 verbose lifecycle feathers-schema@0.1.0~develop-client: CWD: /Volumes/GM Production 02 External/Projects/Git/feathers-schema
11 silly lifecycle feathers-schema@0.1.0~develop-client: Args: [ '-c', 'webpack-dev-server --config config/webpack.js' ]
12 silly lifecycle feathers-schema@0.1.0~develop-client: Returned: code: 1  signal: null
13 info lifecycle feathers-schema@0.1.0~develop-client: Failed to exec develop-client script
14 verbose stack Error: feathers-schema@0.1.0 develop-client: `webpack-dev-server --config config/webpack.js`
14 verbose stack Exit status 1
14 verbose stack     at EventEmitter.<anonymous> (/usr/local/lib/node_modules/npm/lib/utils/lifecycle.js:279:16)
14 verbose stack     at emitTwo (events.js:106:13)
14 verbose stack     at EventEmitter.emit (events.js:191:7)
14 verbose stack     at ChildProcess.<anonymous> (/usr/local/lib/node_modules/npm/lib/utils/spawn.js:40:14)
14 verbose stack     at emitTwo (events.js:106:13)
14 verbose stack     at ChildProcess.emit (events.js:191:7)
14 verbose stack     at maybeClose (internal/child_process.js:885:16)
14 verbose stack     at Process.ChildProcess._handle.onexit (internal/child_process.js:226:5)
15 verbose pkgid feathers-schema@0.1.0
16 verbose cwd /Volumes/GM Production 02 External/Projects/Git/feathers-schema
17 error Darwin 16.3.0
18 error argv "/usr/local/bin/node" "/usr/local/bin/npm" "run" "develop-client"
19 error node v7.4.0
20 error npm  v4.0.5
21 error code ELIFECYCLE
22 error feathers-schema@0.1.0 develop-client: `webpack-dev-server --config config/webpack.js`
22 error Exit status 1
23 error Failed at the feathers-schema@0.1.0 develop-client script 'webpack-dev-server --config config/webpack.js'.
23 error Make sure you have the latest version of node.js and npm installed.
23 error If you do, this is most likely a problem with the feathers-schema package,
23 error not with npm itself.
23 error Tell the author that this fails on your system:
23 error     webpack-dev-server --config config/webpack.js
23 error You can get information on how to open an issue for this project with:
23 error     npm bugs feathers-schema
23 error Or if that isn't available, you can get their info via:
23 error     npm owner ls feathers-schema
23 error There is likely additional logging output above.
24 verbose exit [ 1, true ]
